TN:
SF:C:\meal-booking-app\API\lib\index.js
FN:18,_interopRequireDefault
FN:25,(anonymous_1)
FN:31,(anonymous_2)
FNF:3
FNH:3
FNDA:5,_interopRequireDefault
FNDA:1,(anonymous_1)
FNDA:1,(anonymous_2)
DA:3,1
DA:6,1
DA:8,1
DA:10,1
DA:12,1
DA:14,1
DA:16,1
DA:18,5
DA:20,1
DA:21,1
DA:24,1
DA:25,1
DA:26,1
DA:28,1
DA:29,1
DA:30,1
DA:31,1
DA:32,1
DA:37,1
DA:38,1
LF:20
LH:20
BRDA:18,0,0,3
BRDA:18,0,1,2
BRDA:18,1,0,5
BRDA:18,1,1,5
BRF:4
BRH:4
end_of_record
TN:
SF:C:\meal-booking-app\API\lib\controller\mealController.js
FN:10,_interopRequireDefault
FN:13,fetchAllMeals
FN:19,addAMeal
FN:53,getSingleMeal
FN:56,(anonymous_4)
FN:73,deleteMeal
FN:76,(anonymous_6)
FN:95,updateAMeal
FN:100,(anonymous_8)
FNF:9
FNH:9
FNDA:1,_interopRequireDefault
FNDA:1,fetchAllMeals
FNDA:1,addAMeal
FNDA:2,getSingleMeal
FNDA:5,(anonymous_4)
FNDA:3,deleteMeal
FNDA:10,(anonymous_6)
FNDA:2,updateAMeal
FNDA:10,(anonymous_8)
DA:3,1
DA:6,1
DA:8,1
DA:10,1
DA:12,1
DA:14,1
DA:20,1
DA:21,1
DA:22,1
DA:23,1
DA:24,1
DA:25,1
DA:26,1
DA:34,1
DA:36,1
DA:38,1
DA:40,1
DA:41,1
DA:48,0
DA:54,2
DA:56,2
DA:57,5
DA:60,2
DA:61,1
DA:68,1
DA:74,3
DA:76,3
DA:77,10
DA:80,3
DA:81,2
DA:87,1
DA:89,1
DA:96,2
DA:100,2
DA:101,10
DA:102,1
DA:103,1
DA:107,2
DA:108,1
DA:114,1
DA:123,1
DA:125,1
DA:132,1
DA:133,1
LF:44
LH:43
BRDA:10,0,0,1
BRDA:10,0,1,0
BRDA:10,1,0,1
BRDA:10,1,1,1
BRDA:40,2,0,1
BRDA:40,2,1,0
BRDA:60,3,0,1
BRDA:60,3,1,1
BRDA:80,4,0,2
BRDA:80,4,1,1
BRDA:101,5,0,1
BRDA:101,5,1,9
BRDA:107,6,0,1
BRDA:107,6,1,1
BRDA:107,7,0,2
BRDA:107,7,1,1
BRDA:116,8,0,1
BRDA:116,8,1,0
BRDA:117,9,0,1
BRDA:117,9,1,0
BRDA:118,10,0,1
BRDA:118,10,1,0
BRDA:119,11,0,1
BRDA:119,11,1,0
BRDA:120,12,0,1
BRDA:120,12,1,0
BRF:26
BRH:19
end_of_record
TN:
SF:C:\meal-booking-app\API\lib\controller\menuController.js
FN:10,_interopRequireDefault
FN:13,fetchAllMenu
FN:19,addAMenu
FNF:3
FNH:3
FNDA:1,_interopRequireDefault
FNDA:1,fetchAllMenu
FNDA:1,addAMenu
DA:3,1
DA:6,1
DA:8,1
DA:10,1
DA:12,1
DA:14,1
DA:20,1
DA:21,1
DA:22,1
DA:23,1
DA:24,1
DA:25,1
DA:26,1
DA:27,1
DA:37,1
DA:39,1
DA:40,1
DA:47,0
DA:53,1
DA:54,1
LF:20
LH:19
BRDA:10,0,0,1
BRDA:10,0,1,0
BRDA:10,1,0,1
BRDA:10,1,1,1
BRDA:39,2,0,1
BRDA:39,2,1,0
BRF:6
BRH:4
end_of_record
TN:
SF:C:\meal-booking-app\API\lib\controller\orderController.js
FN:10,_interopRequireDefault
FN:13,fetchAllOrder
FN:19,addAnOrder
FN:57,modifyAnOrder
FN:62,(anonymous_4)
FNF:5
FNH:5
FNDA:1,_interopRequireDefault
FNDA:1,fetchAllOrder
FNDA:1,addAnOrder
FNDA:2,modifyAnOrder
FNDA:10,(anonymous_4)
DA:3,1
DA:6,1
DA:8,1
DA:10,1
DA:12,1
DA:14,1
DA:20,1
DA:21,1
DA:22,1
DA:23,1
DA:24,1
DA:25,1
DA:26,1
DA:27,1
DA:28,1
DA:38,1
DA:40,1
DA:42,1
DA:44,1
DA:45,1
DA:52,0
DA:58,2
DA:62,2
DA:63,10
DA:64,1
DA:65,1
DA:69,2
DA:70,1
DA:76,1
DA:87,1
DA:89,1
DA:96,1
DA:97,1
LF:33
LH:32
BRDA:10,0,0,1
BRDA:10,0,1,0
BRDA:10,1,0,1
BRDA:10,1,1,1
BRDA:44,2,0,1
BRDA:44,2,1,0
BRDA:63,3,0,1
BRDA:63,3,1,9
BRDA:69,4,0,1
BRDA:69,4,1,1
BRDA:69,5,0,2
BRDA:69,5,1,1
BRDA:78,6,0,1
BRDA:78,6,1,0
BRDA:79,7,0,1
BRDA:79,7,1,0
BRDA:80,8,0,1
BRDA:80,8,1,0
BRDA:81,9,0,1
BRDA:81,9,1,0
BRDA:82,10,0,1
BRDA:82,10,1,0
BRDA:83,11,0,1
BRDA:83,11,1,0
BRDA:84,12,0,1
BRDA:84,12,1,0
BRF:26
BRH:17
end_of_record
TN:
SF:C:\meal-booking-app\API\lib\routes\mealRoutes.js
FN:12,_interopRequireDefault
FNF:1
FNH:1
FNDA:1,_interopRequireDefault
DA:3,1
DA:6,1
DA:8,1
DA:10,1
DA:12,1
DA:14,1
DA:15,1
DA:16,1
DA:17,1
DA:18,1
DA:19,1
DA:20,1
DA:21,1
LF:13
LH:13
BRDA:12,0,0,1
BRDA:12,0,1,0
BRDA:12,1,0,1
BRDA:12,1,1,1
BRF:4
BRH:3
end_of_record
TN:
SF:C:\meal-booking-app\API\lib\routes\menuRoutes.js
FN:12,_interopRequireDefault
FNF:1
FNH:1
FNDA:1,_interopRequireDefault
DA:3,1
DA:6,1
DA:8,1
DA:10,1
DA:12,1
DA:14,1
DA:15,1
DA:16,1
DA:17,1
DA:18,1
LF:10
LH:10
BRDA:12,0,0,1
BRDA:12,0,1,0
BRDA:12,1,0,1
BRDA:12,1,1,1
BRF:4
BRH:3
end_of_record
TN:
SF:C:\meal-booking-app\API\lib\routes\orderRoutes.js
FN:12,_interopRequireDefault
FNF:1
FNH:1
FNDA:1,_interopRequireDefault
DA:3,1
DA:6,1
DA:8,1
DA:10,1
DA:12,1
DA:14,1
DA:15,1
DA:16,1
DA:17,1
DA:18,1
DA:19,1
LF:11
LH:11
BRDA:12,0,0,1
BRDA:12,0,1,0
BRDA:12,1,0,1
BRDA:12,1,1,1
BRF:4
BRH:3
end_of_record
TN:
SF:C:\meal-booking-app\API\lib\utils\mealData.js
FNF:0
FNH:0
DA:3,1
DA:6,1
DA:7,1
DA:36,1
DA:37,1
LF:5
LH:5
BRF:0
BRH:0
end_of_record
TN:
SF:C:\meal-booking-app\API\lib\utils\menuData.js
FNF:0
FNH:0
DA:3,1
DA:6,1
DA:7,1
DA:44,1
DA:45,1
LF:5
LH:5
BRF:0
BRH:0
end_of_record
TN:
SF:C:\meal-booking-app\API\lib\utils\orderData.js
FNF:0
FNH:0
DA:3,1
DA:6,1
DA:7,1
DA:48,1
DA:49,1
LF:5
LH:5
BRF:0
BRH:0
end_of_record
