TN:
SF:C:\meal-booking-app\API\lib\index.js
FN:18,_interopRequireDefault
FN:25,(anonymous_1)
FN:31,(anonymous_2)
FNF:3
FNH:3
FNDA:5,_interopRequireDefault
FNDA:1,(anonymous_1)
FNDA:1,(anonymous_2)
DA:3,1
DA:6,1
DA:8,1
DA:10,1
DA:12,1
DA:14,1
DA:16,1
DA:18,5
DA:20,1
DA:21,1
DA:24,1
DA:25,1
DA:26,1
DA:28,1
DA:29,1
DA:30,1
DA:31,1
DA:32,1
DA:37,1
DA:38,1
LF:20
LH:20
BRDA:18,0,0,3
BRDA:18,0,1,2
BRDA:18,1,0,5
BRDA:18,1,1,5
BRF:4
BRH:4
end_of_record
TN:
SF:C:\meal-booking-app\API\lib\controller\mealController.js
FN:12,_interopRequireDefault
FN:15,fetchAllMeals
FN:21,addAMeal
FN:52,getSingleMeal
FN:55,(anonymous_4)
FN:72,deleteMeal
FN:76,(anonymous_6)
FN:96,updateAMeal
FN:101,(anonymous_8)
FNF:9
FNH:9
FNDA:2,_interopRequireDefault
FNDA:1,fetchAllMeals
FNDA:1,addAMeal
FNDA:1,getSingleMeal
FNDA:1,(anonymous_4)
FNDA:1,deleteMeal
FNDA:1,(anonymous_6)
FNDA:1,updateAMeal
FNDA:5,(anonymous_8)
DA:3,1
DA:6,1
DA:8,1
DA:10,1
DA:12,2
DA:14,1
DA:16,1
DA:22,1
DA:23,1
DA:24,1
DA:25,1
DA:26,1
DA:27,1
DA:28,1
DA:37,1
DA:39,1
DA:40,1
DA:47,0
DA:53,1
DA:55,1
DA:56,1
DA:59,1
DA:60,1
DA:67,0
DA:73,1
DA:74,1
DA:76,1
DA:77,1
DA:80,1
DA:81,0
DA:82,0
DA:88,1
DA:90,1
DA:97,1
DA:101,1
DA:102,5
DA:103,1
DA:104,1
DA:108,1
DA:109,0
DA:110,0
DA:111,0
DA:117,1
DA:126,1
DA:128,1
DA:135,1
DA:136,1
LF:47
LH:40
BRDA:12,0,0,2
BRDA:12,0,1,0
BRDA:12,1,0,2
BRDA:12,1,1,2
BRDA:39,2,0,1
BRDA:39,2,1,0
BRDA:59,3,0,1
BRDA:59,3,1,0
BRDA:80,4,0,0
BRDA:80,4,1,1
BRDA:102,5,0,1
BRDA:102,5,1,4
BRDA:108,6,0,0
BRDA:108,6,1,1
BRDA:108,7,0,1
BRDA:108,7,1,1
BRDA:119,8,0,1
BRDA:119,8,1,0
BRDA:120,9,0,1
BRDA:120,9,1,0
BRDA:121,10,0,1
BRDA:121,10,1,0
BRDA:122,11,0,1
BRDA:122,11,1,0
BRDA:123,12,0,1
BRDA:123,12,1,0
BRF:26
BRH:16
end_of_record
TN:
SF:C:\meal-booking-app\API\lib\controller\menuController.js
FN:10,_interopRequireDefault
FN:13,fetchAllMenu
FN:19,addAMenu
FNF:3
FNH:3
FNDA:1,_interopRequireDefault
FNDA:1,fetchAllMenu
FNDA:1,addAMenu
DA:3,1
DA:6,1
DA:8,1
DA:10,1
DA:12,1
DA:14,1
DA:20,1
DA:21,1
DA:22,1
DA:23,1
DA:24,1
DA:25,1
DA:26,1
DA:27,1
DA:37,1
DA:39,1
DA:40,1
DA:47,0
DA:53,1
DA:54,1
LF:20
LH:19
BRDA:10,0,0,1
BRDA:10,0,1,0
BRDA:10,1,0,1
BRDA:10,1,1,1
BRDA:39,2,0,1
BRDA:39,2,1,0
BRF:6
BRH:4
end_of_record
TN:
SF:C:\meal-booking-app\API\lib\controller\orderController.js
FN:10,_interopRequireDefault
FN:13,fetchAllOrder
FN:19,addAnOrder
FN:47,modifyAnOrder
FN:52,(anonymous_4)
FNF:5
FNH:5
FNDA:1,_interopRequireDefault
FNDA:1,fetchAllOrder
FNDA:1,addAnOrder
FNDA:1,modifyAnOrder
FNDA:5,(anonymous_4)
DA:3,1
DA:6,1
DA:8,1
DA:10,1
DA:12,1
DA:14,1
DA:20,1
DA:21,1
DA:22,1
DA:23,1
DA:24,1
DA:25,1
DA:26,1
DA:27,1
DA:28,1
DA:39,1
DA:41,1
DA:48,1
DA:52,1
DA:53,5
DA:54,1
DA:55,1
DA:59,1
DA:60,0
DA:61,0
DA:62,0
DA:68,1
DA:79,1
DA:81,1
DA:88,1
DA:89,1
LF:31
LH:28
BRDA:10,0,0,1
BRDA:10,0,1,0
BRDA:10,1,0,1
BRDA:10,1,1,1
BRDA:53,2,0,1
BRDA:53,2,1,4
BRDA:59,3,0,0
BRDA:59,3,1,1
BRDA:59,4,0,1
BRDA:59,4,1,1
BRDA:70,5,0,1
BRDA:70,5,1,0
BRDA:71,6,0,1
BRDA:71,6,1,0
BRDA:72,7,0,1
BRDA:72,7,1,0
BRDA:73,8,0,1
BRDA:73,8,1,0
BRDA:74,9,0,1
BRDA:74,9,1,0
BRDA:75,10,0,1
BRDA:75,10,1,0
BRDA:76,11,0,1
BRDA:76,11,1,0
BRF:24
BRH:15
end_of_record
TN:
SF:C:\meal-booking-app\API\lib\model\mealModels.js
FN:10,_interopRequireDefault
FN:12,_classCallCheck
FN:14,_defineProperties
FN:16,_createClass
FN:20,(anonymous_4)
FN:21,mealModel
FN:27,findById
FN:28,(anonymous_7)
FNF:8
FNH:4
FNDA:1,_interopRequireDefault
FNDA:0,_classCallCheck
FNDA:1,_defineProperties
FNDA:1,_createClass
FNDA:1,(anonymous_4)
FNDA:0,mealModel
FNDA:0,findById
FNDA:0,(anonymous_7)
DA:3,1
DA:6,1
DA:8,1
DA:10,1
DA:12,0
DA:14,1
DA:16,1
DA:20,1
DA:22,0
DA:25,1
DA:28,0
DA:29,0
DA:34,1
DA:37,1
LF:14
LH:10
BRDA:10,0,0,1
BRDA:10,0,1,0
BRDA:10,1,0,1
BRDA:10,1,1,1
BRDA:12,2,0,0
BRDA:12,2,1,0
BRDA:14,3,0,1
BRDA:14,3,1,1
BRDA:14,4,0,1
BRDA:14,4,1,0
BRDA:16,5,0,0
BRDA:16,5,1,1
BRDA:16,6,0,1
BRDA:16,6,1,0
BRF:14
BRH:8
end_of_record
TN:
SF:C:\meal-booking-app\API\lib\routes\mealRoutes.js
FN:12,_interopRequireDefault
FNF:1
FNH:1
FNDA:1,_interopRequireDefault
DA:3,1
DA:6,1
DA:8,1
DA:10,1
DA:12,1
DA:14,1
DA:15,1
DA:16,1
DA:17,1
DA:18,1
DA:19,1
DA:20,1
DA:21,1
LF:13
LH:13
BRDA:12,0,0,1
BRDA:12,0,1,0
BRDA:12,1,0,1
BRDA:12,1,1,1
BRF:4
BRH:3
end_of_record
TN:
SF:C:\meal-booking-app\API\lib\routes\menuRoutes.js
FN:12,_interopRequireDefault
FNF:1
FNH:1
FNDA:1,_interopRequireDefault
DA:3,1
DA:6,1
DA:8,1
DA:10,1
DA:12,1
DA:14,1
DA:15,1
DA:16,1
DA:17,1
DA:18,1
LF:10
LH:10
BRDA:12,0,0,1
BRDA:12,0,1,0
BRDA:12,1,0,1
BRDA:12,1,1,1
BRF:4
BRH:3
end_of_record
TN:
SF:C:\meal-booking-app\API\lib\routes\orderRoutes.js
FN:12,_interopRequireDefault
FNF:1
FNH:1
FNDA:1,_interopRequireDefault
DA:3,1
DA:6,1
DA:8,1
DA:10,1
DA:12,1
DA:14,1
DA:15,1
DA:16,1
DA:17,1
DA:18,1
DA:19,1
LF:11
LH:11
BRDA:12,0,0,1
BRDA:12,0,1,0
BRDA:12,1,0,1
BRDA:12,1,1,1
BRF:4
BRH:3
end_of_record
TN:
SF:C:\meal-booking-app\API\lib\utils\mealData.js
FNF:0
FNH:0
DA:3,1
DA:6,1
DA:7,1
DA:36,1
DA:37,1
LF:5
LH:5
BRF:0
BRH:0
end_of_record
TN:
SF:C:\meal-booking-app\API\lib\utils\menuData.js
FNF:0
FNH:0
DA:3,1
DA:6,1
DA:7,1
DA:44,1
DA:45,1
LF:5
LH:5
BRF:0
BRH:0
end_of_record
TN:
SF:C:\meal-booking-app\API\lib\utils\orderData.js
FNF:0
FNH:0
DA:3,1
DA:6,1
DA:7,1
DA:48,1
DA:49,1
LF:5
LH:5
BRF:0
BRH:0
end_of_record
